TN:
SF:src\__tests__\mocks\prisma.mock.ts
FN:39,(anonymous_0)
FN:40,(anonymous_1)
FN:41,(anonymous_2)
FNF:3
FNH:0
FNDA:0,(anonymous_0)
FNDA:0,(anonymous_1)
FNDA:0,(anonymous_2)
DA:1,0
DA:39,0
DA:40,0
DA:41,0
DA:42,0
DA:43,0
LF:6
LH:0
BRDA:42,0,0,0
BRDA:42,0,1,0
BRF:2
BRH:0
end_of_record
TN:
SF:src\controllers\answer.controller.ts
FN:6,(anonymous_0)
FN:15,(anonymous_1)
FN:24,(anonymous_2)
FN:34,(anonymous_3)
FN:44,(anonymous_4)
FNF:5
FNH:0
FNDA:0,(anonymous_0)
FNDA:0,(anonymous_1)
FNDA:0,(anonymous_2)
FNDA:0,(anonymous_3)
FNDA:0,(anonymous_4)
DA:2,0
DA:4,0
DA:6,0
DA:7,0
DA:8,0
DA:9,0
DA:11,0
DA:15,0
DA:16,0
DA:17,0
DA:18,0
DA:20,0
DA:24,0
DA:25,0
DA:26,0
DA:27,0
DA:28,0
DA:30,0
DA:34,0
DA:35,0
DA:36,0
DA:37,0
DA:38,0
DA:40,0
DA:44,0
DA:45,0
DA:46,0
DA:47,0
DA:48,0
DA:50,0
LF:30
LH:0
BRDA:20,0,0,0
BRDA:20,0,1,0
BRDA:30,1,0,0
BRDA:30,1,1,0
BRDA:40,2,0,0
BRDA:40,2,1,0
BRDA:50,3,0,0
BRDA:50,3,1,0
BRF:8
BRH:0
end_of_record
TN:
SF:src\controllers\company.controller.ts
FN:7,(anonymous_0)
FN:16,(anonymous_1)
FN:33,(anonymous_2)
FN:48,(anonymous_3)
FN:72,(anonymous_4)
FNF:5
FNH:5
FNDA:4,(anonymous_0)
FNDA:6,(anonymous_1)
FNDA:4,(anonymous_2)
FNDA:6,(anonymous_3)
FNDA:8,(anonymous_4)
DA:2,2
DA:5,2
DA:7,2
DA:8,4
DA:9,4
DA:10,4
DA:12,0
DA:16,2
DA:17,6
DA:19,6
DA:20,6
DA:22,6
DA:23,6
DA:24,6
DA:27,0
DA:29,0
DA:33,2
DA:34,4
DA:36,4
DA:37,4
DA:38,4
DA:40,0
DA:41,0
DA:48,2
DA:49,6
DA:51,6
DA:53,6
DA:54,6
DA:55,6
DA:57,0
DA:60,0
DA:61,0
DA:62,0
DA:65,0
DA:72,2
DA:73,8
DA:75,8
DA:76,8
DA:77,8
DA:79,4
DA:82,4
DA:83,0
DA:84,0
DA:87,4
DA:88,0
DA:89,0
DA:92,4
LF:47
LH:33
BRDA:22,0,0,6
BRDA:22,0,1,0
BRDA:43,1,0,0
BRDA:43,1,1,0
BRDA:60,2,0,0
BRDA:60,2,1,0
BRDA:67,3,0,0
BRDA:67,3,1,0
BRDA:82,4,0,0
BRDA:82,4,1,4
BRDA:87,5,0,0
BRDA:87,5,1,4
BRDA:94,6,0,4
BRDA:94,6,1,0
BRF:14
BRH:4
end_of_record
TN:
SF:src\controllers\project.controller.ts
FN:7,(anonymous_0)
FN:16,(anonymous_1)
FN:33,(anonymous_2)
FN:48,(anonymous_3)
FN:77,(anonymous_4)
FNF:5
FNH:0
FNDA:0,(anonymous_0)
FNDA:0,(anonymous_1)
FNDA:0,(anonymous_2)
FNDA:0,(anonymous_3)
FNDA:0,(anonymous_4)
DA:2,0
DA:5,0
DA:7,0
DA:8,0
DA:9,0
DA:10,0
DA:12,0
DA:16,0
DA:17,0
DA:19,0
DA:20,0
DA:22,0
DA:23,0
DA:24,0
DA:27,0
DA:29,0
DA:33,0
DA:34,0
DA:36,0
DA:37,0
DA:38,0
DA:40,0
DA:41,0
DA:48,0
DA:49,0
DA:51,0
DA:53,0
DA:54,0
DA:55,0
DA:57,0
DA:60,0
DA:61,0
DA:62,0
DA:65,0
DA:66,0
DA:67,0
DA:70,0
DA:77,0
DA:78,0
DA:80,0
DA:81,0
DA:82,0
DA:84,0
DA:87,0
DA:88,0
DA:89,0
DA:92,0
DA:93,0
DA:94,0
DA:97,0
LF:50
LH:0
BRDA:22,0,0,0
BRDA:22,0,1,0
BRDA:43,1,0,0
BRDA:43,1,1,0
BRDA:60,2,0,0
BRDA:60,2,1,0
BRDA:65,3,0,0
BRDA:65,3,1,0
BRDA:72,4,0,0
BRDA:72,4,1,0
BRDA:87,5,0,0
BRDA:87,5,1,0
BRDA:92,6,0,0
BRDA:92,6,1,0
BRDA:99,7,0,0
BRDA:99,7,1,0
BRF:16
BRH:0
end_of_record
TN:
SF:src\controllers\question.controller.ts
FN:6,(anonymous_0)
FN:24,(anonymous_1)
FN:59,(anonymous_2)
FN:84,(anonymous_3)
FN:129,(anonymous_4)
FNF:5
FNH:0
FNDA:0,(anonymous_0)
FNDA:0,(anonymous_1)
FNDA:0,(anonymous_2)
FNDA:0,(anonymous_3)
FNDA:0,(anonymous_4)
DA:2,0
DA:4,0
DA:6,0
DA:7,0
DA:8,0
DA:9,0
DA:15,0
DA:16,0
DA:24,0
DA:25,0
DA:26,0
DA:27,0
DA:28,0
DA:33,0
DA:36,0
DA:37,0
DA:43,0
DA:44,0
DA:49,0
DA:51,0
DA:59,0
DA:60,0
DA:61,0
DA:62,0
DA:68,0
DA:69,0
DA:74,0
DA:76,0
DA:84,0
DA:85,0
DA:86,0
DA:87,0
DA:88,0
DA:93,0
DA:96,0
DA:97,0
DA:103,0
DA:104,0
DA:105,0
DA:110,0
DA:112,0
DA:113,0
DA:118,0
DA:121,0
DA:129,0
DA:130,0
DA:131,0
DA:132,0
DA:133,0
DA:138,0
DA:141,0
DA:142,0
DA:148,0
DA:149,0
DA:154,0
DA:156,0
LF:56
LH:0
BRDA:19,0,0,0
BRDA:19,0,1,0
BRDA:27,1,0,0
BRDA:27,1,1,0
BRDA:43,2,0,0
BRDA:43,2,1,0
BRDA:43,3,0,0
BRDA:43,3,1,0
BRDA:54,4,0,0
BRDA:54,4,1,0
BRDA:68,5,0,0
BRDA:68,5,1,0
BRDA:68,6,0,0
BRDA:68,6,1,0
BRDA:79,7,0,0
BRDA:79,7,1,0
BRDA:87,8,0,0
BRDA:87,8,1,0
BRDA:103,9,0,0
BRDA:103,9,1,0
BRDA:104,10,0,0
BRDA:104,10,1,0
BRDA:112,11,0,0
BRDA:112,11,1,0
BRDA:124,12,0,0
BRDA:124,12,1,0
BRDA:132,13,0,0
BRDA:132,13,1,0
BRDA:148,14,0,0
BRDA:148,14,1,0
BRDA:148,15,0,0
BRDA:148,15,1,0
BRDA:159,16,0,0
BRDA:159,16,1,0
BRF:34
BRH:0
end_of_record
TN:
SF:src\controllers\questionnaire.controller.ts
FN:7,(anonymous_1)
FN:25,(anonymous_2)
FN:58,(anonymous_3)
FN:82,(anonymous_4)
FN:124,(anonymous_5)
FN:156,(anonymous_6)
FNF:6
FNH:0
FNDA:0,(anonymous_1)
FNDA:0,(anonymous_2)
FNDA:0,(anonymous_3)
FNDA:0,(anonymous_4)
FNDA:0,(anonymous_5)
FNDA:0,(anonymous_6)
DA:2,0
DA:3,0
DA:5,0
DA:7,0
DA:8,0
DA:9,0
DA:10,0
DA:16,0
DA:17,0
DA:25,0
DA:26,0
DA:27,0
DA:28,0
DA:29,0
DA:36,0
DA:37,0
DA:43,0
DA:44,0
DA:50,0
DA:58,0
DA:59,0
DA:60,0
DA:61,0
DA:67,0
DA:68,0
DA:74,0
DA:82,0
DA:83,0
DA:84,0
DA:85,0
DA:86,0
DA:93,0
DA:94,0
DA:100,0
DA:101,0
DA:102,0
DA:108,0
DA:109,0
DA:116,0
DA:124,0
DA:125,0
DA:126,0
DA:127,0
DA:128,0
DA:135,0
DA:136,0
DA:141,0
DA:142,0
DA:148,0
DA:156,0
DA:157,0
DA:158,0
DA:161,0
DA:166,0
DA:169,0
DA:185,0
DA:188,0
DA:197,0
DA:199,0
DA:209,0
DA:210,0
LF:61
LH:0
BRDA:20,0,0,0
BRDA:20,0,1,0
BRDA:28,1,0,0
BRDA:28,1,1,0
BRDA:43,2,0,0
BRDA:43,2,1,0
BRDA:43,3,0,0
BRDA:43,3,1,0
BRDA:53,4,0,0
BRDA:53,4,1,0
BRDA:67,5,0,0
BRDA:67,5,1,0
BRDA:67,6,0,0
BRDA:67,6,1,0
BRDA:77,7,0,0
BRDA:77,7,1,0
BRDA:85,8,0,0
BRDA:85,8,1,0
BRDA:100,9,0,0
BRDA:100,9,1,0
BRDA:101,10,0,0
BRDA:101,10,1,0
BRDA:108,11,0,0
BRDA:108,11,1,0
BRDA:119,12,0,0
BRDA:119,12,1,0
BRDA:127,13,0,0
BRDA:127,13,1,0
BRDA:141,14,0,0
BRDA:141,14,1,0
BRDA:141,15,0,0
BRDA:141,15,1,0
BRDA:151,16,0,0
BRDA:151,16,1,0
BRDA:213,17,0,0
BRDA:213,17,1,0
BRF:36
BRH:0
end_of_record
TN:
SF:src\middleware\zod-validation.middleware.ts
FN:7,(anonymous_0)
FN:8,(anonymous_1)
FN:20,(anonymous_2)
FN:43,(anonymous_3)
FN:44,(anonymous_4)
FN:56,(anonymous_5)
FN:79,(anonymous_6)
FN:80,(anonymous_7)
FN:92,(anonymous_8)
FN:115,(anonymous_9)
FN:120,(anonymous_10)
FN:144,(anonymous_11)
FNF:12
FNH:5
FNDA:2,(anonymous_0)
FNDA:7,(anonymous_1)
FNDA:2,(anonymous_2)
FNDA:3,(anonymous_3)
FNDA:11,(anonymous_4)
FNDA:0,(anonymous_5)
FNDA:0,(anonymous_6)
FNDA:0,(anonymous_7)
FNDA:0,(anonymous_8)
FNDA:0,(anonymous_9)
FNDA:0,(anonymous_10)
FNDA:0,(anonymous_11)
DA:2,1
DA:7,1
DA:8,2
DA:9,7
DA:11,7
DA:14,5
DA:16,5
DA:18,2
DA:20,2
DA:25,2
DA:30,0
DA:31,0
DA:43,1
DA:44,3
DA:45,11
DA:47,11
DA:50,11
DA:52,11
DA:54,0
DA:56,0
DA:61,0
DA:66,0
DA:67,0
DA:79,1
DA:80,0
DA:81,0
DA:83,0
DA:86,0
DA:88,0
DA:90,0
DA:92,0
DA:97,0
DA:102,0
DA:103,0
DA:115,1
DA:120,0
DA:121,0
DA:123,0
DA:124,0
DA:125,0
DA:129,0
DA:130,0
DA:131,0
DA:135,0
DA:136,0
DA:137,0
DA:140,0
DA:142,0
DA:144,0
DA:149,0
DA:154,0
DA:155,0
LF:52
LH:18
BRDA:18,0,0,2
BRDA:18,0,1,0
BRDA:54,1,0,0
BRDA:54,1,1,0
BRDA:90,2,0,0
BRDA:90,2,1,0
BRDA:123,3,0,0
BRDA:123,3,1,0
BRDA:129,4,0,0
BRDA:129,4,1,0
BRDA:135,5,0,0
BRDA:135,5,1,0
BRDA:142,6,0,0
BRDA:142,6,1,0
BRF:14
BRH:1
end_of_record
TN:
SF:src\prisma\client.ts
FNF:0
FNH:0
DA:1,2
DA:3,2
DA:5,2
LF:3
LH:3
BRF:0
BRH:0
end_of_record
TN:
SF:src\routes\answer.routes.ts
FNF:0
FNH:0
DA:1,0
DA:2,0
DA:3,0
DA:4,0
DA:6,0
DA:8,0
DA:9,0
DA:10,0
DA:11,0
DA:12,0
DA:14,0
LF:11
LH:0
BRF:0
BRH:0
end_of_record
TN:
SF:src\routes\company.routes.ts
FNF:0
FNH:0
DA:1,1
DA:2,1
DA:9,1
DA:10,1
DA:12,1
DA:15,1
DA:16,1
DA:17,1
DA:18,1
DA:19,1
DA:21,1
LF:11
LH:11
BRF:0
BRH:0
end_of_record
TN:
SF:src\routes\project.routes.ts
FNF:0
FNH:0
DA:1,0
DA:2,0
DA:3,0
DA:4,0
DA:6,0
DA:8,0
DA:9,0
DA:10,0
DA:11,0
DA:12,0
DA:14,0
LF:11
LH:0
BRF:0
BRH:0
end_of_record
TN:
SF:src\routes\question.routes.ts
FNF:0
FNH:0
DA:1,0
DA:2,0
DA:4,0
DA:6,0
DA:7,0
DA:8,0
DA:9,0
DA:10,0
DA:12,0
LF:9
LH:0
BRF:0
BRH:0
end_of_record
TN:
SF:src\routes\questionnaire.routes.ts
FNF:0
FNH:0
DA:1,0
DA:2,0
DA:3,0
DA:4,0
DA:6,0
DA:8,0
DA:9,0
DA:10,0
DA:11,0
DA:12,0
DA:13,0
DA:15,0
LF:12
LH:0
BRF:0
BRH:0
end_of_record
TN:
SF:src\schemas\answer.schema.ts
FNF:0
FNH:0
DA:1,0
DA:3,0
LF:2
LH:0
BRF:0
BRH:0
end_of_record
TN:
SF:src\schemas\company.schema.ts
FN:21,(anonymous_0)
FNF:1
FNH:1
FNDA:18,(anonymous_0)
DA:1,2
DA:4,2
DA:12,2
DA:15,2
DA:18,2
DA:22,18
DA:23,18
LF:7
LH:7
BRDA:23,0,0,18
BRDA:23,0,1,17
BRDA:23,0,2,14
BRF:3
BRH:3
end_of_record
TN:
SF:src\schemas\project.schema.ts
FN:44,(anonymous_0)
FN:51,(anonymous_1)
FN:63,(anonymous_2)
FN:76,(anonymous_3)
FN:94,(anonymous_4)
FNF:5
FNH:0
FNDA:0,(anonymous_0)
FNDA:0,(anonymous_1)
FNDA:0,(anonymous_2)
FNDA:0,(anonymous_3)
FNDA:0,(anonymous_4)
DA:1,0
DA:4,0
DA:45,0
DA:46,0
DA:52,0
DA:53,0
DA:62,0
DA:64,0
DA:65,0
DA:66,0
DA:75,0
DA:77,0
DA:78,0
DA:79,0
DA:80,0
DA:82,0
DA:91,0
DA:95,0
DA:96,0
LF:19
LH:0
BRDA:77,0,0,0
BRDA:77,0,1,0
BRDA:77,1,0,0
BRDA:77,1,1,0
BRDA:96,2,0,0
BRDA:96,2,1,0
BRDA:96,2,2,0
BRF:7
BRH:0
end_of_record
TN:
SF:src\schemas\questionnaire.schema.ts
FNF:0
FNH:0
DA:1,0
DA:3,0
LF:2
LH:0
BRF:0
BRH:0
end_of_record
TN:
SF:src\services\answer.service.ts
FN:4,(anonymous_1)
FN:14,(anonymous_2)
FN:38,(anonymous_3)
FN:70,(anonymous_4)
FN:90,(anonymous_5)
FNF:5
FNH:0
FNDA:0,(anonymous_1)
FNDA:0,(anonymous_2)
FNDA:0,(anonymous_3)
FNDA:0,(anonymous_4)
FNDA:0,(anonymous_5)
DA:1,0
DA:3,0
DA:5,0
DA:6,0
DA:7,0
DA:9,0
DA:10,0
DA:15,0
DA:16,0
DA:25,0
DA:27,0
DA:28,0
DA:29,0
DA:31,0
DA:32,0
DA:34,0
DA:39,0
DA:40,0
DA:41,0
DA:42,0
DA:44,0
DA:54,0
DA:56,0
DA:57,0
DA:58,0
DA:60,0
DA:61,0
DA:63,0
DA:64,0
DA:66,0
DA:71,0
DA:72,0
DA:73,0
DA:74,0
DA:76,0
DA:77,0
DA:79,0
DA:80,0
DA:81,0
DA:83,0
DA:84,0
DA:86,0
DA:91,0
DA:92,0
DA:93,0
DA:94,0
DA:96,0
DA:98,0
DA:99,0
DA:100,0
DA:102,0
LF:51
LH:0
BRDA:20,0,0,0
BRDA:20,0,1,0
BRDA:22,1,0,0
BRDA:22,1,1,0
BRDA:28,2,0,0
BRDA:28,2,1,0
BRDA:31,3,0,0
BRDA:31,3,1,0
BRDA:41,4,0,0
BRDA:41,4,1,0
BRDA:49,5,0,0
BRDA:49,5,1,0
BRDA:51,6,0,0
BRDA:51,6,1,0
BRDA:57,7,0,0
BRDA:57,7,1,0
BRDA:60,8,0,0
BRDA:60,8,1,0
BRDA:63,9,0,0
BRDA:63,9,1,0
BRDA:73,10,0,0
BRDA:73,10,1,0
BRDA:80,11,0,0
BRDA:80,11,1,0
BRDA:83,12,0,0
BRDA:83,12,1,0
BRDA:93,13,0,0
BRDA:93,13,1,0
BRDA:99,14,0,0
BRDA:99,14,1,0
BRF:30
BRH:0
end_of_record
TN:
SF:src\services\company.service.ts
FN:4,(anonymous_1)
FN:14,(anonymous_2)
FN:31,(anonymous_3)
FN:59,(anonymous_4)
FN:100,(anonymous_5)
FNF:5
FNH:5
FNDA:2,(anonymous_1)
FNDA:3,(anonymous_2)
FNDA:4,(anonymous_3)
FNDA:5,(anonymous_4)
FNDA:4,(anonymous_5)
DA:1,3
DA:3,3
DA:5,2
DA:6,2
DA:7,1
DA:9,1
DA:10,1
DA:15,3
DA:16,3
DA:20,2
DA:21,1
DA:24,1
DA:26,1
DA:27,1
DA:32,4
DA:33,4
DA:34,1
DA:37,3
DA:43,1
DA:45,3
DA:47,3
DA:48,1
DA:51,2
DA:52,2
DA:55,0
DA:60,5
DA:61,5
DA:65,5
DA:66,1
DA:69,4
DA:70,1
DA:73,3
DA:80,1
DA:82,4
DA:84,4
DA:85,1
DA:88,3
DA:89,1
DA:92,2
DA:93,2
DA:96,0
DA:101,4
DA:102,4
DA:106,4
DA:107,1
DA:110,3
DA:114,1
DA:119,3
DA:121,3
DA:122,1
DA:125,2
DA:126,1
DA:129,1
DA:130,1
DA:133,0
LF:55
LH:52
BRDA:20,0,0,1
BRDA:20,0,1,1
BRDA:33,1,0,1
BRDA:33,1,1,3
BRDA:47,2,0,1
BRDA:47,2,1,2
BRDA:51,3,0,2
BRDA:51,3,1,0
BRDA:65,4,0,1
BRDA:65,4,1,4
BRDA:69,5,0,1
BRDA:69,5,1,3
BRDA:84,6,0,1
BRDA:84,6,1,3
BRDA:88,7,0,1
BRDA:88,7,1,2
BRDA:92,8,0,2
BRDA:92,8,1,0
BRDA:106,9,0,1
BRDA:106,9,1,3
BRDA:121,10,0,1
BRDA:121,10,1,2
BRDA:125,11,0,1
BRDA:125,11,1,1
BRDA:129,12,0,1
BRDA:129,12,1,0
BRF:26
BRH:23
end_of_record
TN:
SF:src\services\project.service.ts
FN:4,(anonymous_1)
FN:19,(anonymous_2)
FN:39,(anonymous_3)
FN:96,(anonymous_4)
FN:167,(anonymous_5)
FNF:5
FNH:0
FNDA:0,(anonymous_1)
FNDA:0,(anonymous_2)
FNDA:0,(anonymous_3)
FNDA:0,(anonymous_4)
FNDA:0,(anonymous_5)
DA:1,0
DA:3,0
DA:5,0
DA:6,0
DA:12,0
DA:14,0
DA:15,0
DA:20,0
DA:21,0
DA:28,0
DA:29,0
DA:32,0
DA:34,0
DA:35,0
DA:40,0
DA:42,0
DA:43,0
DA:47,0
DA:51,0
DA:52,0
DA:55,0
DA:75,0
DA:77,0
DA:80,0
DA:81,0
DA:84,0
DA:85,0
DA:88,0
DA:89,0
DA:92,0
DA:97,0
DA:99,0
DA:103,0
DA:104,0
DA:108,0
DA:109,0
DA:113,0
DA:117,0
DA:118,0
DA:121,0
DA:142,0
DA:144,0
DA:147,0
DA:148,0
DA:151,0
DA:152,0
DA:155,0
DA:156,0
DA:159,0
DA:160,0
DA:163,0
DA:168,0
DA:170,0
DA:174,0
DA:175,0
DA:178,0
DA:182,0
DA:187,0
DA:190,0
DA:191,0
DA:194,0
DA:195,0
DA:198,0
DA:199,0
DA:202,0
LF:65
LH:0
BRDA:28,0,0,0
BRDA:28,0,1,0
BRDA:42,1,0,0
BRDA:42,1,1,0
BRDA:42,2,0,0
BRDA:42,2,1,0
BRDA:42,2,2,0
BRDA:51,3,0,0
BRDA:51,3,1,0
BRDA:80,4,0,0
BRDA:80,4,1,0
BRDA:84,5,0,0
BRDA:84,5,1,0
BRDA:88,6,0,0
BRDA:88,6,1,0
BRDA:103,7,0,0
BRDA:103,7,1,0
BRDA:108,8,0,0
BRDA:108,8,1,0
BRDA:108,9,0,0
BRDA:108,9,1,0
BRDA:108,9,2,0
BRDA:117,10,0,0
BRDA:117,10,1,0
BRDA:147,11,0,0
BRDA:147,11,1,0
BRDA:151,12,0,0
BRDA:151,12,1,0
BRDA:155,13,0,0
BRDA:155,13,1,0
BRDA:159,14,0,0
BRDA:159,14,1,0
BRDA:174,15,0,0
BRDA:174,15,1,0
BRDA:190,16,0,0
BRDA:190,16,1,0
BRDA:194,17,0,0
BRDA:194,17,1,0
BRDA:198,18,0,0
BRDA:198,18,1,0
BRF:40
BRH:0
end_of_record
TN:
SF:src\services\question.service.ts
FN:4,(anonymous_1)
FN:35,(anonymous_2)
FN:67,(anonymous_3)
FN:102,(anonymous_4)
FN:148,(anonymous_5)
FNF:5
FNH:0
FNDA:0,(anonymous_1)
FNDA:0,(anonymous_2)
FNDA:0,(anonymous_3)
FNDA:0,(anonymous_4)
FNDA:0,(anonymous_5)
DA:1,0
DA:3,0
DA:5,0
DA:6,0
DA:28,0
DA:30,0
DA:31,0
DA:36,0
DA:37,0
DA:57,0
DA:58,0
DA:61,0
DA:63,0
DA:68,0
DA:70,0
DA:73,0
DA:74,0
DA:77,0
DA:96,0
DA:98,0
DA:103,0
DA:105,0
DA:108,0
DA:109,0
DA:113,0
DA:114,0
DA:117,0
DA:118,0
DA:122,0
DA:142,0
DA:144,0
DA:149,0
DA:151,0
DA:154,0
DA:155,0
DA:159,0
DA:163,0
DA:165,0
LF:38
LH:0
BRDA:57,0,0,0
BRDA:57,0,1,0
BRDA:73,1,0,0
BRDA:73,1,1,0
BRDA:81,2,0,0
BRDA:81,2,1,0
BRDA:108,3,0,0
BRDA:108,3,1,0
BRDA:113,4,0,0
BRDA:113,4,1,0
BRDA:117,5,0,0
BRDA:117,5,1,0
BRDA:154,6,0,0
BRDA:154,6,1,0
BRF:14
BRH:0
end_of_record
TN:
SF:src\services\questionnaire.service.ts
FN:4,(anonymous_1)
FN:26,(anonymous_2)
FN:49,(anonymous_3)
FN:74,(anonymous_4)
FN:117,(anonymous_5)
FNF:5
FNH:0
FNDA:0,(anonymous_1)
FNDA:0,(anonymous_2)
FNDA:0,(anonymous_3)
FNDA:0,(anonymous_4)
FNDA:0,(anonymous_5)
DA:1,0
DA:3,0
DA:5,0
DA:6,0
DA:19,0
DA:21,0
DA:22,0
DA:27,0
DA:28,0
DA:39,0
DA:40,0
DA:43,0
DA:45,0
DA:50,0
DA:52,0
DA:55,0
DA:56,0
DA:59,0
DA:68,0
DA:70,0
DA:75,0
DA:77,0
DA:80,0
DA:81,0
DA:85,0
DA:86,0
DA:89,0
DA:90,0
DA:94,0
DA:111,0
DA:113,0
DA:118,0
DA:120,0
DA:123,0
DA:124,0
DA:128,0
DA:132,0
DA:134,0
LF:38
LH:0
BRDA:39,0,0,0
BRDA:39,0,1,0
BRDA:55,1,0,0
BRDA:55,1,1,0
BRDA:80,2,0,0
BRDA:80,2,1,0
BRDA:85,3,0,0
BRDA:85,3,1,0
BRDA:89,4,0,0
BRDA:89,4,1,0
BRDA:123,5,0,0
BRDA:123,5,1,0
BRF:12
BRH:0
end_of_record
